<?xml version="1.0" encoding="UTF-8"?>
<!-- Generated by org.testng.reporters.JUnitReportReporter -->
<testsuite hostname="MBP-Vera" failures="0" tests="3" name="com.allure.Test1" time="11.197" errors="0" timestamp="2022-01-31T21:42:53 EET" skipped="1">
  <testcase classname="com.allure.Test1" name="logoPresence" time="3.626"/>
  <system-out/>
  <testcase classname="com.allure.Test1" name="titlePresence" time="4.138"/>
  <system-out/>
  <testcase classname="com.allure.Test1" name="registrationTest" time="3.433">
    <skipped/>
  </testcase> <!-- registrationTest -->
  <system-out/>
</testsuite> <!-- com.allure.Test1 -->
