<?xml version="1.0" encoding="UTF-8"?>
<!-- Generated by org.testng.reporters.JUnitReportReporter -->
<testsuite hostname="MBP-Vera" failures="0" tests="3" name="com.allure.Test1" time="11.130" errors="0" timestamp="2022-02-01T10:08:25 EET" skipped="1">
  <testcase classname="com.allure.Test1" name="logoPresence" time="3.093"/>
  <system-out/>
  <testcase classname="com.allure.Test1" name="titlePresence" time="4.765"/>
  <system-out/>
  <testcase classname="com.allure.Test1" name="registrationTest" time="3.272">
    <skipped/>
  </testcase> <!-- registrationTest -->
  <system-out/>
</testsuite> <!-- com.allure.Test1 -->
